<?xml version="1.0" encoding="UTF-8"?>
<!-- Generated by org.testng.reporters.JUnitXMLReporter -->
<testsuite ignored="6" hostname="bineet" failures="0" tests="66" name="Test" time="50.268" errors="0" timestamp="2021-10-31T16:28:34 IST">
  <testcase classname="com.selenium.app.AppTest6" name="ClickOnCheckboxes" time="0.609"/>
  <testcase classname="com.selenium.app.AppTest6" name="ClickOnCheckboxes" time="0.227"/>
  <testcase classname="com.selenium.app.AppTest6" name="ClickOnCheckboxes" time="9.94"/>
  <testcase classname="com.selenium.app.AppTest2" name="ClickOnCheckboxes" time="0.264"/>
  <testcase classname="com.selenium.app.AppTest4" name="ClickOnCheckboxes" time="0.283"/>
  <testcase classname="com.selenium.app.AppTest6" name="ClickOnCheckboxes" time="0.176"/>
  <testcase classname="com.selenium.app.AppTest2" name="ClickOnCheckboxes" time="0.192"/>
  <testcase classname="com.selenium.app.AppTest5" name="ClickOnCheckboxes" time="8.635"/>
  <testcase classname="com.selenium.app.AppTest6" name="ClickOnCheckboxes" time="0.218"/>
  <testcase classname="com.selenium.app.AppTest2" name="ClickOnCheckboxes" time="0.14"/>
  <testcase classname="com.selenium.app.AppTest4" name="ClickOnCheckboxes" time="0.357"/>
  <testcase classname="com.selenium.app.AppTest6" name="ClickOnCheckboxes" time="0.265"/>
  <testcase classname="com.selenium.app.AppTest6" name="ClickOnCheckboxes" time="0.147"/>
  <testcase classname="com.selenium.app.AppTest2" name="ClickOnCheckboxes" time="0.408"/>
  <testcase classname="com.selenium.app.AppTest5" name="ClickOnCheckboxes" time="0.557"/>
  <testcase classname="com.selenium.app.AppTest6" name="ClickOnCheckboxes" time="0.498"/>
  <testcase classname="com.selenium.app.AppTest4" name="ClickOnCheckboxes" time="0.849"/>
  <testcase classname="com.selenium.app.AppTest6" name="ClickOnCheckboxes" time="0.09"/>
  <testcase classname="com.selenium.app.AppTest3" name="ClickOnCheckboxes" time="2.091"/>
  <testcase classname="com.selenium.app.AppTest2" name="ClickOnCheckboxes" time="1.111"/>
  <testcase classname="com.selenium.app.AppTest4" name="ClickOnCheckboxes" time="0.667"/>
  <testcase classname="com.selenium.app.AppTest2" name="ClickOnCheckboxes" time="0.092"/>
  <testcase classname="com.selenium.app.AppTest4" name="ClickOnCheckboxes" time="0.53"/>
  <testcase classname="com.selenium.app.AppTest4" name="ClickOnCheckboxes" time="0.077"/>
  <testcase classname="com.selenium.app.AppTest6" name="ClickOnCheckboxes" time="1.249"/>
  <testcase classname="com.selenium.app.AppTest6" name="ClickOnRadioButtons" time="0.131"/>
  <testcase classname="com.selenium.app.AppTest4" name="ClickOnCheckboxes" time="0.212"/>
  <testcase classname="com.selenium.app.AppTest4" name="ClickOnCheckboxes" time="0.738"/>
  <testcase classname="com.selenium.app.AppTest4" name="ClickOnCheckboxes" time="0.077"/>
  <testcase classname="com.selenium.app.AppTest2" name="ClickOnCheckboxes" time="1.688"/>
  <testcase classname="com.selenium.app.AppTest2" name="ClickOnCheckboxes" time="0.076"/>
  <testcase classname="com.selenium.app.AppTest4" name="ClickOnCheckboxes" time="0.244"/>
  <testcase classname="com.selenium.app.AppTest2" name="ClickOnCheckboxes" time="0.129"/>
  <testcase classname="com.selenium.app.AppTest2" name="ClickOnCheckboxes" time="0.068"/>
  <testcase classname="com.selenium.app.AppTest3" name="ClickOnCheckboxes" time="2.13"/>
  <testcase classname="com.selenium.app.AppTest2" name="ClickOnRadioButtons" time="0.174"/>
  <testcase classname="com.selenium.app.AppTest3" name="ClickOnCheckboxes" time="0.209"/>
  <testcase classname="com.selenium.app.AppTest5" name="ClickOnCheckboxes" time="3.441"/>
  <testcase classname="com.selenium.app.AppTest3" name="ClickOnCheckboxes" time="0.182"/>
  <testcase classname="com.selenium.app.AppTest5" name="ClickOnCheckboxes" time="0.177"/>
  <testcase classname="com.selenium.app.AppTest4" name="ClickOnRadioButtons" time="0.605"/>
  <testcase classname="com.selenium.app.AppTest5" name="ClickOnCheckboxes" time="0.082"/>
  <testcase classname="com.selenium.app.AppTest5" name="ClickOnCheckboxes" time="0.073"/>
  <testcase classname="com.selenium.app.AppTest5" name="ClickOnCheckboxes" time="0.078"/>
  <testcase classname="com.selenium.app.AppTest5" name="ClickOnCheckboxes" time="0.38"/>
  <testcase classname="com.selenium.app.AppTest5" name="ClickOnCheckboxes" time="0.134"/>
  <testcase classname="com.selenium.app.AppTest5" name="ClickOnCheckboxes" time="0.076"/>
  <testcase classname="com.selenium.app.AppTest3" name="ClickOnCheckboxes" time="1.121"/>
  <testcase classname="com.selenium.app.AppTest3" name="ClickOnCheckboxes" time="2.034"/>
  <testcase classname="com.selenium.app.AppTest3" name="ClickOnCheckboxes" time="0.316"/>
  <testcase classname="com.selenium.app.AppTest3" name="ClickOnCheckboxes" time="0.308"/>
  <testcase classname="com.selenium.app.AppTest3" name="ClickOnCheckboxes" time="0.267"/>
  <testcase classname="com.selenium.app.AppTest3" name="ClickOnCheckboxes" time="1.819"/>
  <testcase classname="com.selenium.app.AppTest5" name="ClickOnRadioButtons" time="6.11"/>
  <testcase classname="com.selenium.app.AppTest3" name="ClickOnRadioButtons" time="2.35"/>
  <testcase classname="com.selenium.app.AppTest" name="ClickOnCheckboxes" time="0.895"/>
  <testcase classname="com.selenium.app.AppTest" name="ClickOnCheckboxes" time="0.096"/>
  <testcase classname="com.selenium.app.AppTest" name="ClickOnCheckboxes" time="0.731"/>
  <testcase classname="com.selenium.app.AppTest" name="ClickOnCheckboxes" time="0.291"/>
  <testcase classname="com.selenium.app.AppTest" name="ClickOnCheckboxes" time="0.071"/>
  <testcase classname="com.selenium.app.AppTest" name="ClickOnCheckboxes" time="0.349"/>
  <testcase classname="com.selenium.app.AppTest" name="ClickOnCheckboxes" time="0.32"/>
  <testcase classname="com.selenium.app.AppTest" name="ClickOnCheckboxes" time="0.279"/>
  <testcase classname="com.selenium.app.AppTest" name="ClickOnCheckboxes" time="0.199"/>
  <testcase classname="com.selenium.app.AppTest" name="ClickOnCheckboxes" time="0.092"/>
  <testcase classname="com.selenium.app.AppTest" name="ClickOnRadioButtons" time="0.112"/>
  <testcase classname="com.selenium.app.AppTest2" name="runQuery" time="0.0">
    <ignored/>
  </testcase> <!-- runQuery -->
  <testcase classname="com.selenium.app.AppTest5" name="runQuery" time="0.0">
    <ignored/>
  </testcase> <!-- runQuery -->
  <testcase classname="com.selenium.app.AppTest" name="runQuery" time="0.0">
    <ignored/>
  </testcase> <!-- runQuery -->
  <testcase classname="com.selenium.app.AppTest3" name="runQuery" time="0.0">
    <ignored/>
  </testcase> <!-- runQuery -->
  <testcase classname="com.selenium.app.AppTest6" name="runQuery" time="0.0">
    <ignored/>
  </testcase> <!-- runQuery -->
  <testcase classname="com.selenium.app.AppTest4" name="runQuery" time="0.0">
    <ignored/>
  </testcase> <!-- runQuery -->
</testsuite> <!-- Test -->
