<?xml version="1.0" encoding="UTF-8"?>
<!-- Generated by org.testng.reporters.JUnitXMLReporter -->
<testsuite ignored="6" hostname="bineet" failures="0" tests="66" name="Test" time="227.625" errors="0" timestamp="2021-11-01T12:39:06 IST">
  <testcase classname="com.selenium.app.AppTest6" name="ClickOnCheckboxes" time="0.557"/>
  <testcase classname="com.selenium.app.AppTest6" name="ClickOnCheckboxes" time="0.102"/>
  <testcase classname="com.selenium.app.AppTest6" name="ClickOnCheckboxes" time="0.089"/>
  <testcase classname="com.selenium.app.AppTest6" name="ClickOnCheckboxes" time="0.089"/>
  <testcase classname="com.selenium.app.AppTest6" name="ClickOnCheckboxes" time="0.09"/>
  <testcase classname="com.selenium.app.AppTest6" name="ClickOnCheckboxes" time="0.093"/>
  <testcase classname="com.selenium.app.AppTest6" name="ClickOnCheckboxes" time="0.097"/>
  <testcase classname="com.selenium.app.AppTest6" name="ClickOnCheckboxes" time="0.093"/>
  <testcase classname="com.selenium.app.AppTest6" name="ClickOnCheckboxes" time="0.088"/>
  <testcase classname="com.selenium.app.AppTest6" name="ClickOnCheckboxes" time="0.082"/>
  <testcase classname="com.selenium.app.AppTest6" name="ClickOnRadioButtons" time="0.127"/>
  <testcase classname="com.selenium.app.AppTest3" name="ClickOnCheckboxes" time="0.27"/>
  <testcase classname="com.selenium.app.AppTest3" name="ClickOnCheckboxes" time="0.116"/>
  <testcase classname="com.selenium.app.AppTest3" name="ClickOnCheckboxes" time="0.098"/>
  <testcase classname="com.selenium.app.AppTest3" name="ClickOnCheckboxes" time="0.1"/>
  <testcase classname="com.selenium.app.AppTest3" name="ClickOnCheckboxes" time="0.094"/>
  <testcase classname="com.selenium.app.AppTest3" name="ClickOnCheckboxes" time="0.079"/>
  <testcase classname="com.selenium.app.AppTest3" name="ClickOnCheckboxes" time="0.082"/>
  <testcase classname="com.selenium.app.AppTest3" name="ClickOnCheckboxes" time="0.084"/>
  <testcase classname="com.selenium.app.AppTest3" name="ClickOnCheckboxes" time="0.586"/>
  <testcase classname="com.selenium.app.AppTest3" name="ClickOnCheckboxes" time="0.113"/>
  <testcase classname="com.selenium.app.AppTest3" name="ClickOnRadioButtons" time="0.114"/>
  <testcase classname="com.selenium.app.AppTest4" name="ClickOnCheckboxes" time="0.24"/>
  <testcase classname="com.selenium.app.AppTest4" name="ClickOnCheckboxes" time="0.129"/>
  <testcase classname="com.selenium.app.AppTest4" name="ClickOnCheckboxes" time="0.105"/>
  <testcase classname="com.selenium.app.AppTest4" name="ClickOnCheckboxes" time="0.081"/>
  <testcase classname="com.selenium.app.AppTest4" name="ClickOnCheckboxes" time="0.125"/>
  <testcase classname="com.selenium.app.AppTest4" name="ClickOnCheckboxes" time="0.152"/>
  <testcase classname="com.selenium.app.AppTest4" name="ClickOnCheckboxes" time="0.096"/>
  <testcase classname="com.selenium.app.AppTest4" name="ClickOnCheckboxes" time="0.13"/>
  <testcase classname="com.selenium.app.AppTest4" name="ClickOnCheckboxes" time="0.09"/>
  <testcase classname="com.selenium.app.AppTest4" name="ClickOnCheckboxes" time="0.087"/>
  <testcase classname="com.selenium.app.AppTest4" name="ClickOnRadioButtons" time="0.119"/>
  <testcase classname="com.selenium.app.AppTest" name="ClickOnCheckboxes" time="0.233"/>
  <testcase classname="com.selenium.app.AppTest" name="ClickOnCheckboxes" time="0.081"/>
  <testcase classname="com.selenium.app.AppTest" name="ClickOnCheckboxes" time="0.089"/>
  <testcase classname="com.selenium.app.AppTest" name="ClickOnCheckboxes" time="0.074"/>
  <testcase classname="com.selenium.app.AppTest" name="ClickOnCheckboxes" time="0.079"/>
  <testcase classname="com.selenium.app.AppTest" name="ClickOnCheckboxes" time="0.086"/>
  <testcase classname="com.selenium.app.AppTest" name="ClickOnCheckboxes" time="0.078"/>
  <testcase classname="com.selenium.app.AppTest" name="ClickOnCheckboxes" time="0.071"/>
  <testcase classname="com.selenium.app.AppTest" name="ClickOnCheckboxes" time="0.078"/>
  <testcase classname="com.selenium.app.AppTest" name="ClickOnCheckboxes" time="0.072"/>
  <testcase classname="com.selenium.app.AppTest" name="ClickOnRadioButtons" time="0.116"/>
  <testcase classname="com.selenium.app.AppTest5" name="ClickOnCheckboxes" time="0.238"/>
  <testcase classname="com.selenium.app.AppTest5" name="ClickOnCheckboxes" time="0.081"/>
  <testcase classname="com.selenium.app.AppTest5" name="ClickOnCheckboxes" time="0.078"/>
  <testcase classname="com.selenium.app.AppTest5" name="ClickOnCheckboxes" time="0.091"/>
  <testcase classname="com.selenium.app.AppTest5" name="ClickOnCheckboxes" time="0.081"/>
  <testcase classname="com.selenium.app.AppTest5" name="ClickOnCheckboxes" time="0.089"/>
  <testcase classname="com.selenium.app.AppTest5" name="ClickOnCheckboxes" time="0.083"/>
  <testcase classname="com.selenium.app.AppTest5" name="ClickOnCheckboxes" time="0.079"/>
  <testcase classname="com.selenium.app.AppTest5" name="ClickOnCheckboxes" time="0.076"/>
  <testcase classname="com.selenium.app.AppTest5" name="ClickOnCheckboxes" time="0.078"/>
  <testcase classname="com.selenium.app.AppTest5" name="ClickOnRadioButtons" time="0.124"/>
  <testcase classname="com.selenium.app.AppTest2" name="ClickOnCheckboxes" time="0.251"/>
  <testcase classname="com.selenium.app.AppTest2" name="ClickOnCheckboxes" time="0.103"/>
  <testcase classname="com.selenium.app.AppTest2" name="ClickOnCheckboxes" time="0.087"/>
  <testcase classname="com.selenium.app.AppTest2" name="ClickOnCheckboxes" time="0.078"/>
  <testcase classname="com.selenium.app.AppTest2" name="ClickOnCheckboxes" time="0.129"/>
  <testcase classname="com.selenium.app.AppTest2" name="ClickOnCheckboxes" time="0.082"/>
  <testcase classname="com.selenium.app.AppTest2" name="ClickOnCheckboxes" time="0.075"/>
  <testcase classname="com.selenium.app.AppTest2" name="ClickOnCheckboxes" time="0.076"/>
  <testcase classname="com.selenium.app.AppTest2" name="ClickOnCheckboxes" time="0.077"/>
  <testcase classname="com.selenium.app.AppTest2" name="ClickOnCheckboxes" time="0.082"/>
  <testcase classname="com.selenium.app.AppTest2" name="ClickOnRadioButtons" time="0.114"/>
  <testcase classname="com.selenium.app.AppTest2" name="runQuery" time="0.0">
    <ignored/>
  </testcase> <!-- runQuery -->
  <testcase classname="com.selenium.app.AppTest5" name="runQuery" time="0.0">
    <ignored/>
  </testcase> <!-- runQuery -->
  <testcase classname="com.selenium.app.AppTest" name="runQuery" time="0.0">
    <ignored/>
  </testcase> <!-- runQuery -->
  <testcase classname="com.selenium.app.AppTest3" name="runQuery" time="0.0">
    <ignored/>
  </testcase> <!-- runQuery -->
  <testcase classname="com.selenium.app.AppTest6" name="runQuery" time="0.0">
    <ignored/>
  </testcase> <!-- runQuery -->
  <testcase classname="com.selenium.app.AppTest4" name="runQuery" time="0.0">
    <ignored/>
  </testcase> <!-- runQuery -->
</testsuite> <!-- Test -->
