<?xml version="1.0" encoding="UTF-8"?>
<!-- Generated by org.testng.reporters.JUnitXMLReporter -->
<testsuite ignored="6" hostname="bineet" failures="0" tests="66" name="Test" time="174.942" errors="0" timestamp="2021-11-01T18:41:33 IST">
  <testcase classname="com.selenium.app.AppTest2" name="ClickOnCheckboxes" time="11.737"/>
  <testcase classname="com.selenium.app.AppTest3" name="ClickOnCheckboxes" time="11.9"/>
  <testcase classname="com.selenium.app.AppTest5" name="ClickOnCheckboxes" time="14.017"/>
  <testcase classname="com.selenium.app.AppTest3" name="ClickOnCheckboxes" time="2.166"/>
  <testcase classname="com.selenium.app.AppTest5" name="ClickOnCheckboxes" time="0.084"/>
  <testcase classname="com.selenium.app.AppTest4" name="ClickOnCheckboxes" time="1.471"/>
  <testcase classname="com.selenium.app.AppTest5" name="ClickOnCheckboxes" time="0.145"/>
  <testcase classname="com.selenium.app.AppTest4" name="ClickOnCheckboxes" time="0.302"/>
  <testcase classname="com.selenium.app.AppTest" name="ClickOnCheckboxes" time="4.199"/>
  <testcase classname="com.selenium.app.AppTest3" name="ClickOnCheckboxes" time="1.033"/>
  <testcase classname="com.selenium.app.AppTest3" name="ClickOnCheckboxes" time="0.461"/>
  <testcase classname="com.selenium.app.AppTest4" name="ClickOnCheckboxes" time="1.178"/>
  <testcase classname="com.selenium.app.AppTest5" name="ClickOnCheckboxes" time="1.46"/>
  <testcase classname="com.selenium.app.AppTest4" name="ClickOnCheckboxes" time="0.321"/>
  <testcase classname="com.selenium.app.AppTest" name="ClickOnCheckboxes" time="1.081"/>
  <testcase classname="com.selenium.app.AppTest" name="ClickOnCheckboxes" time="0.675"/>
  <testcase classname="com.selenium.app.AppTest3" name="ClickOnCheckboxes" time="1.712"/>
  <testcase classname="com.selenium.app.AppTest3" name="ClickOnCheckboxes" time="0.072"/>
  <testcase classname="com.selenium.app.AppTest4" name="ClickOnCheckboxes" time="1.378"/>
  <testcase classname="com.selenium.app.AppTest3" name="ClickOnCheckboxes" time="0.076"/>
  <testcase classname="com.selenium.app.AppTest2" name="ClickOnCheckboxes" time="5.629"/>
  <testcase classname="com.selenium.app.AppTest5" name="ClickOnCheckboxes" time="2.044"/>
  <testcase classname="com.selenium.app.AppTest" name="ClickOnCheckboxes" time="1.966"/>
  <testcase classname="com.selenium.app.AppTest" name="ClickOnCheckboxes" time="0.207"/>
  <testcase classname="com.selenium.app.AppTest5" name="ClickOnCheckboxes" time="1.304"/>
  <testcase classname="com.selenium.app.AppTest" name="ClickOnCheckboxes" time="0.583"/>
  <testcase classname="com.selenium.app.AppTest" name="ClickOnCheckboxes" time="0.395"/>
  <testcase classname="com.selenium.app.AppTest4" name="ClickOnCheckboxes" time="2.766"/>
  <testcase classname="com.selenium.app.AppTest5" name="ClickOnCheckboxes" time="1.121"/>
  <testcase classname="com.selenium.app.AppTest4" name="ClickOnCheckboxes" time="0.332"/>
  <testcase classname="com.selenium.app.AppTest" name="ClickOnCheckboxes" time="0.666"/>
  <testcase classname="com.selenium.app.AppTest2" name="ClickOnCheckboxes" time="3.443"/>
  <testcase classname="com.selenium.app.AppTest5" name="ClickOnCheckboxes" time="0.918"/>
  <testcase classname="com.selenium.app.AppTest" name="ClickOnCheckboxes" time="0.491"/>
  <testcase classname="com.selenium.app.AppTest" name="ClickOnCheckboxes" time="0.31"/>
  <testcase classname="com.selenium.app.AppTest5" name="ClickOnCheckboxes" time="0.616"/>
  <testcase classname="com.selenium.app.AppTest5" name="ClickOnCheckboxes" time="0.077"/>
  <testcase classname="com.selenium.app.AppTest5" name="ClickOnRadioButtons" time="0.116"/>
  <testcase classname="com.selenium.app.AppTest" name="ClickOnRadioButtons" time="1.23"/>
  <testcase classname="com.selenium.app.AppTest2" name="ClickOnCheckboxes" time="4.305"/>
  <testcase classname="com.selenium.app.AppTest2" name="ClickOnCheckboxes" time="3.983"/>
  <testcase classname="com.selenium.app.AppTest2" name="ClickOnCheckboxes" time="0.119"/>
  <testcase classname="com.selenium.app.AppTest2" name="ClickOnCheckboxes" time="0.115"/>
  <testcase classname="com.selenium.app.AppTest3" name="ClickOnCheckboxes" time="13.534"/>
  <testcase classname="com.selenium.app.AppTest3" name="ClickOnCheckboxes" time="0.072"/>
  <testcase classname="com.selenium.app.AppTest3" name="ClickOnCheckboxes" time="0.498"/>
  <testcase classname="com.selenium.app.AppTest3" name="ClickOnRadioButtons" time="0.112"/>
  <testcase classname="com.selenium.app.AppTest2" name="ClickOnCheckboxes" time="3.148"/>
  <testcase classname="com.selenium.app.AppTest2" name="ClickOnCheckboxes" time="0.084"/>
  <testcase classname="com.selenium.app.AppTest4" name="ClickOnCheckboxes" time="14.169"/>
  <testcase classname="com.selenium.app.AppTest4" name="ClickOnCheckboxes" time="0.082"/>
  <testcase classname="com.selenium.app.AppTest4" name="ClickOnCheckboxes" time="0.081"/>
  <testcase classname="com.selenium.app.AppTest4" name="ClickOnRadioButtons" time="0.11"/>
  <testcase classname="com.selenium.app.AppTest2" name="ClickOnCheckboxes" time="3.219"/>
  <testcase classname="com.selenium.app.AppTest2" name="ClickOnRadioButtons" time="0.485"/>
  <testcase classname="com.selenium.app.AppTest6" name="ClickOnCheckboxes" time="0.149"/>
  <testcase classname="com.selenium.app.AppTest6" name="ClickOnCheckboxes" time="0.488"/>
  <testcase classname="com.selenium.app.AppTest6" name="ClickOnCheckboxes" time="0.099"/>
  <testcase classname="com.selenium.app.AppTest6" name="ClickOnCheckboxes" time="0.079"/>
  <testcase classname="com.selenium.app.AppTest6" name="ClickOnCheckboxes" time="0.106"/>
  <testcase classname="com.selenium.app.AppTest6" name="ClickOnCheckboxes" time="0.132"/>
  <testcase classname="com.selenium.app.AppTest6" name="ClickOnCheckboxes" time="0.082"/>
  <testcase classname="com.selenium.app.AppTest6" name="ClickOnCheckboxes" time="5.336"/>
  <testcase classname="com.selenium.app.AppTest6" name="ClickOnCheckboxes" time="0.107"/>
  <testcase classname="com.selenium.app.AppTest6" name="ClickOnCheckboxes" time="0.177"/>
  <testcase classname="com.selenium.app.AppTest6" name="ClickOnRadioButtons" time="0.288"/>
  <testcase classname="com.selenium.app.AppTest2" name="runQuery" time="0.0">
    <ignored/>
  </testcase> <!-- runQuery -->
  <testcase classname="com.selenium.app.AppTest5" name="runQuery" time="0.0">
    <ignored/>
  </testcase> <!-- runQuery -->
  <testcase classname="com.selenium.app.AppTest" name="runQuery" time="0.0">
    <ignored/>
  </testcase> <!-- runQuery -->
  <testcase classname="com.selenium.app.AppTest3" name="runQuery" time="0.0">
    <ignored/>
  </testcase> <!-- runQuery -->
  <testcase classname="com.selenium.app.AppTest6" name="runQuery" time="0.0">
    <ignored/>
  </testcase> <!-- runQuery -->
  <testcase classname="com.selenium.app.AppTest4" name="runQuery" time="0.0">
    <ignored/>
  </testcase> <!-- runQuery -->
</testsuite> <!-- Test -->
