<?xml version="1.0" encoding="UTF-8"?>
<testsuite xmlns:xsi="http://www.w3.org/2001/XMLSchema-instance" xsi:noNamespaceSchemaLocation="https://maven.apache.org/surefire/maven-surefire-plugin/xsd/surefire-test-report-3.0.xsd" version="3.0" name="TestSuite" time="175.671" tests="66" errors="0" skipped="0" failures="0">
  <properties>
[...]
</properties>
  <testcase name="ClickOnCheckboxes" classname="com.selenium.app.AppTest3" time="1.075">
    <system-err><![CDATA[Nov 01, 2021 6:38:56 PM org.openqa.selenium.remote.ProtocolHandshake createSession
INFO: Detected dialect: W3C
Nov 01, 2021 6:38:56 PM org.openqa.selenium.remote.ProtocolHandshake createSession
INFO: Detected dialect: W3C
Nov 01, 2021 6:38:56 PM org.openqa.selenium.remote.ProtocolHandshake createSession
INFO: Detected dialect: W3C
Nov 01, 2021 6:38:56 PM org.openqa.selenium.remote.ProtocolHandshake createSession
INFO: Detected dialect: W3C
Nov 01, 2021 6:38:56 PM org.openqa.selenium.remote.ProtocolHandshake createSession
INFO: Detected dialect: W3C
Nov 01, 2021 6:38:56 PM org.openqa.selenium.remote.ProtocolHandshake createSession
INFO: Detected dialect: W3C
]]></system-err>
  </testcase>
  <testcase name="ClickOnCheckboxes" classname="com.selenium.app.AppTest3" time="0.054"/>
  <testcase name="ClickOnCheckboxes" classname="com.selenium.app.AppTest3" time="0.074"/>
  <testcase name="ClickOnCheckboxes" classname="com.selenium.app.AppTest3" time="0.462"/>
  <testcase name="ClickOnCheckboxes" classname="com.selenium.app.AppTest3" time="0"/>
  <testcase name="ClickOnCheckboxes" classname="com.selenium.app.AppTest3" time="0.008"/>
  <testcase name="ClickOnCheckboxes" classname="com.selenium.app.AppTest3" time="0.022"/>
  <testcase name="ClickOnCheckboxes" classname="com.selenium.app.AppTest3" time="1.458"/>
  <testcase name="ClickOnCheckboxes" classname="com.selenium.app.AppTest3" time="0.073"/>
  <testcase name="ClickOnCheckboxes" classname="com.selenium.app.AppTest3" time="0.499"/>
  <testcase name="ClickOnRadioButtons" classname="com.selenium.app.AppTest3" time="0.112"/>
  <testcase name="ClickOnCheckboxes" classname="com.selenium.app.AppTest2" time="1.075"/>
  <testcase name="ClickOnCheckboxes" classname="com.selenium.app.AppTest2" time="0.108"/>
  <testcase name="ClickOnCheckboxes" classname="com.selenium.app.AppTest2" time="0.374"/>
  <testcase name="ClickOnCheckboxes" classname="com.selenium.app.AppTest2" time="3.495"/>
  <testcase name="ClickOnCheckboxes" classname="com.selenium.app.AppTest2" time="3.984"/>
  <testcase name="ClickOnCheckboxes" classname="com.selenium.app.AppTest2" time="0.119"/>
  <testcase name="ClickOnCheckboxes" classname="com.selenium.app.AppTest2" time="0.115"/>
  <testcase name="ClickOnCheckboxes" classname="com.selenium.app.AppTest2" time="1.119"/>
  <testcase name="ClickOnCheckboxes" classname="com.selenium.app.AppTest2" time="0.085"/>
  <testcase name="ClickOnCheckboxes" classname="com.selenium.app.AppTest2" time="1.122"/>
  <testcase name="ClickOnRadioButtons" classname="com.selenium.app.AppTest2" time="0.485"/>
  <testcase name="ClickOnCheckboxes" classname="com.selenium.app.AppTest5" time="1.265"/>
  <testcase name="ClickOnCheckboxes" classname="com.selenium.app.AppTest5" time="0.031"/>
  <testcase name="ClickOnCheckboxes" classname="com.selenium.app.AppTest5" time="0.023"/>
  <testcase name="ClickOnCheckboxes" classname="com.selenium.app.AppTest5" time="0.002"/>
  <testcase name="ClickOnCheckboxes" classname="com.selenium.app.AppTest5" time="0.216"/>
  <testcase name="ClickOnCheckboxes" classname="com.selenium.app.AppTest5" time="0.095"/>
  <testcase name="ClickOnCheckboxes" classname="com.selenium.app.AppTest5" time="0.007"/>
  <testcase name="ClickOnCheckboxes" classname="com.selenium.app.AppTest5" time="0.117"/>
  <testcase name="ClickOnCheckboxes" classname="com.selenium.app.AppTest5" time="0.306"/>
  <testcase name="ClickOnCheckboxes" classname="com.selenium.app.AppTest5" time="0.078"/>
  <testcase name="ClickOnRadioButtons" classname="com.selenium.app.AppTest5" time="0.116"/>
  <testcase name="ClickOnCheckboxes" classname="com.selenium.app.AppTest4" time="0.122"/>
  <testcase name="ClickOnCheckboxes" classname="com.selenium.app.AppTest4" time="0.279"/>
  <testcase name="ClickOnCheckboxes" classname="com.selenium.app.AppTest4" time="0.139"/>
  <testcase name="ClickOnCheckboxes" classname="com.selenium.app.AppTest4" time="0.319"/>
  <testcase name="ClickOnCheckboxes" classname="com.selenium.app.AppTest4" time="0.053"/>
  <testcase name="ClickOnCheckboxes" classname="com.selenium.app.AppTest4" time="0.232"/>
  <testcase name="ClickOnCheckboxes" classname="com.selenium.app.AppTest4" time="0.325"/>
  <testcase name="ClickOnCheckboxes" classname="com.selenium.app.AppTest4" time="1.934"/>
  <testcase name="ClickOnCheckboxes" classname="com.selenium.app.AppTest4" time="0.082"/>
  <testcase name="ClickOnCheckboxes" classname="com.selenium.app.AppTest4" time="0.08"/>
  <testcase name="ClickOnRadioButtons" classname="com.selenium.app.AppTest4" time="0.11"/>
  <testcase name="ClickOnCheckboxes" classname="com.selenium.app.AppTest" time="0.503"/>
  <testcase name="ClickOnCheckboxes" classname="com.selenium.app.AppTest" time="0.084"/>
  <testcase name="ClickOnCheckboxes" classname="com.selenium.app.AppTest" time="0.675"/>
  <testcase name="ClickOnCheckboxes" classname="com.selenium.app.AppTest" time="1.002"/>
  <testcase name="ClickOnCheckboxes" classname="com.selenium.app.AppTest" time="0.207"/>
  <testcase name="ClickOnCheckboxes" classname="com.selenium.app.AppTest" time="0.487"/>
  <testcase name="ClickOnCheckboxes" classname="com.selenium.app.AppTest" time="0.395"/>
  <testcase name="ClickOnCheckboxes" classname="com.selenium.app.AppTest" time="0.101"/>
  <testcase name="ClickOnCheckboxes" classname="com.selenium.app.AppTest" time="0.117"/>
  <testcase name="ClickOnCheckboxes" classname="com.selenium.app.AppTest" time="0.309"/>
  <testcase name="ClickOnRadioButtons" classname="com.selenium.app.AppTest" time="0.846"/>
  <testcase name="ClickOnCheckboxes" classname="com.selenium.app.AppTest6" time="0.149"/>
  <testcase name="ClickOnCheckboxes" classname="com.selenium.app.AppTest6" time="0.488"/>
  <testcase name="ClickOnCheckboxes" classname="com.selenium.app.AppTest6" time="0.1"/>
  <testcase name="ClickOnCheckboxes" classname="com.selenium.app.AppTest6" time="0.079"/>
  <testcase name="ClickOnCheckboxes" classname="com.selenium.app.AppTest6" time="0.106"/>
  <testcase name="ClickOnCheckboxes" classname="com.selenium.app.AppTest6" time="0.132"/>
  <testcase name="ClickOnCheckboxes" classname="com.selenium.app.AppTest6" time="0.082"/>
  <testcase name="ClickOnCheckboxes" classname="com.selenium.app.AppTest6" time="5.336"/>
  <testcase name="ClickOnCheckboxes" classname="com.selenium.app.AppTest6" time="0.108"/>
  <testcase name="ClickOnCheckboxes" classname="com.selenium.app.AppTest6" time="0.178"/>
  <testcase name="ClickOnRadioButtons" classname="com.selenium.app.AppTest6" time="0.288"/>
</testsuite>