<?xml version="1.0" encoding="UTF-8"?>
<testng-results ignored="0" total="2" passed="2" failed="0" skipped="0">
  <reporter-output>
  </reporter-output>
  <suite started-at="2021-10-09T20:32:36 IST" name="Suite" finished-at="2021-10-09T20:32:45 IST" duration-ms="8463">
    <groups>
    </groups>
    <test started-at="2021-10-09T20:32:36 IST" name="Test" finished-at="2021-10-09T20:32:45 IST" duration-ms="8463">
      <class name="com.selenium.app.AppTest">
        <test-method is-config="true" signature="beforeClass()[pri:0, instance:com.selenium.app.AppTest@291b4bf5]" started-at="2021-10-09T20:32:36 IST" name="beforeClass" finished-at="2021-10-09T20:32:44 IST" duration-ms="7178" status="PASS">
          <reporter-output>
          </reporter-output>
        </test-method> <!-- beforeClass -->
        <test-method signature="ClickOnCheckboxes()[pri:0, instance:com.selenium.app.AppTest@291b4bf5]" started-at="2021-10-09T20:32:44 IST" name="ClickOnCheckboxes" finished-at="2021-10-09T20:32:44 IST" duration-ms="491" status="PASS">
          <reporter-output>
          </reporter-output>
        </test-method> <!-- ClickOnCheckboxes -->
        <test-method signature="ClickOnRadioButtons()[pri:0, instance:com.selenium.app.AppTest@291b4bf5]" started-at="2021-10-09T20:32:44 IST" name="ClickOnRadioButtons" finished-at="2021-10-09T20:32:45 IST" duration-ms="564" status="PASS">
          <reporter-output>
          </reporter-output>
        </test-method> <!-- ClickOnRadioButtons -->
        <test-method is-config="true" signature="afterClass()[pri:0, instance:com.selenium.app.AppTest@291b4bf5]" started-at="2021-10-09T20:32:45 IST" name="afterClass" finished-at="2021-10-09T20:32:45 IST" duration-ms="205" status="PASS">
          <reporter-output>
          </reporter-output>
        </test-method> <!-- afterClass -->
      </class> <!-- com.selenium.app.AppTest -->
    </test> <!-- Test -->
  </suite> <!-- Suite -->
</testng-results>
