<?xml version="1.0" encoding="UTF-8"?>
<testng-results ignored="6" total="72" passed="66" failed="0" skipped="0">
  <reporter-output>
  </reporter-output>
  <suite started-at="2021-11-01T18:38:38 IST" name="Suite" finished-at="2021-11-01T18:41:33 IST" duration-ms="174942">
    <groups>
    </groups>
    <test started-at="2021-11-01T18:38:38 IST" name="Test" finished-at="2021-11-01T18:41:33 IST" duration-ms="174942">
      <class name="com.selenium.app.AppTest5">
        <test-method is-config="true" signature="beforeClass()[pri:0, instance:com.selenium.app.AppTest5@7748410a]" started-at="2021-11-01T18:38:38 IST" name="beforeClass" finished-at="2021-11-01T18:39:17 IST" duration-ms="39060" status="PASS">
          <reporter-output>
          </reporter-output>
        </test-method> <!-- beforeClass -->
        <test-method signature="ClickOnCheckboxes()[pri:0, instance:com.selenium.app.AppTest5@7748410a]" started-at="2021-11-01T18:39:17 IST" name="ClickOnCheckboxes" finished-at="2021-11-01T18:39:31 IST" duration-ms="14017" status="PASS">
          <reporter-output>
          </reporter-output>
        </test-method> <!-- ClickOnCheckboxes -->
        <test-method signature="ClickOnCheckboxes()[pri:0, instance:com.selenium.app.AppTest5@7748410a]" started-at="2021-11-01T18:39:31 IST" name="ClickOnCheckboxes" finished-at="2021-11-01T18:39:31 IST" duration-ms="84" status="PASS">
          <reporter-output>
          </reporter-output>
        </test-method> <!-- ClickOnCheckboxes -->
        <test-method signature="ClickOnCheckboxes()[pri:0, instance:com.selenium.app.AppTest5@7748410a]" started-at="2021-11-01T18:39:31 IST" name="ClickOnCheckboxes" finished-at="2021-11-01T18:39:31 IST" duration-ms="145" status="PASS">
          <reporter-output>
          </reporter-output>
        </test-method> <!-- ClickOnCheckboxes -->
        <test-method signature="ClickOnCheckboxes()[pri:0, instance:com.selenium.app.AppTest5@7748410a]" started-at="2021-11-01T18:39:31 IST" name="ClickOnCheckboxes" finished-at="2021-11-01T18:39:33 IST" duration-ms="1460" status="PASS">
          <reporter-output>
          </reporter-output>
        </test-method> <!-- ClickOnCheckboxes -->
        <test-method signature="ClickOnCheckboxes()[pri:0, instance:com.selenium.app.AppTest5@7748410a]" started-at="2021-11-01T18:39:33 IST" name="ClickOnCheckboxes" finished-at="2021-11-01T18:39:35 IST" duration-ms="2044" status="PASS">
          <reporter-output>
          </reporter-output>
        </test-method> <!-- ClickOnCheckboxes -->
        <test-method signature="ClickOnCheckboxes()[pri:0, instance:com.selenium.app.AppTest5@7748410a]" started-at="2021-11-01T18:39:35 IST" name="ClickOnCheckboxes" finished-at="2021-11-01T18:39:36 IST" duration-ms="1304" status="PASS">
          <reporter-output>
          </reporter-output>
        </test-method> <!-- ClickOnCheckboxes -->
        <test-method signature="ClickOnCheckboxes()[pri:0, instance:com.selenium.app.AppTest5@7748410a]" started-at="2021-11-01T18:39:36 IST" name="ClickOnCheckboxes" finished-at="2021-11-01T18:39:37 IST" duration-ms="1121" status="PASS">
          <reporter-output>
          </reporter-output>
        </test-method> <!-- ClickOnCheckboxes -->
        <test-method signature="ClickOnCheckboxes()[pri:0, instance:com.selenium.app.AppTest5@7748410a]" started-at="2021-11-01T18:39:37 IST" name="ClickOnCheckboxes" finished-at="2021-11-01T18:39:38 IST" duration-ms="918" status="PASS">
          <reporter-output>
          </reporter-output>
        </test-method> <!-- ClickOnCheckboxes -->
        <test-method signature="ClickOnCheckboxes()[pri:0, instance:com.selenium.app.AppTest5@7748410a]" started-at="2021-11-01T18:39:38 IST" name="ClickOnCheckboxes" finished-at="2021-11-01T18:39:39 IST" duration-ms="616" status="PASS">
          <reporter-output>
          </reporter-output>
        </test-method> <!-- ClickOnCheckboxes -->
        <test-method signature="ClickOnCheckboxes()[pri:0, instance:com.selenium.app.AppTest5@7748410a]" started-at="2021-11-01T18:39:39 IST" name="ClickOnCheckboxes" finished-at="2021-11-01T18:39:39 IST" duration-ms="77" status="PASS">
          <reporter-output>
          </reporter-output>
        </test-method> <!-- ClickOnCheckboxes -->
        <test-method signature="ClickOnRadioButtons()[pri:0, instance:com.selenium.app.AppTest5@7748410a]" started-at="2021-11-01T18:39:39 IST" name="ClickOnRadioButtons" finished-at="2021-11-01T18:39:39 IST" duration-ms="116" status="PASS">
          <reporter-output>
          </reporter-output>
        </test-method> <!-- ClickOnRadioButtons -->
        <test-method is-config="true" signature="afterClass()[pri:0, instance:com.selenium.app.AppTest5@7748410a]" started-at="2021-11-01T18:39:39 IST" name="afterClass" finished-at="2021-11-01T18:39:45 IST" duration-ms="5383" status="PASS">
          <reporter-output>
          </reporter-output>
        </test-method> <!-- afterClass -->
      </class> <!-- com.selenium.app.AppTest5 -->
      <class name="com.selenium.app.AppTest6">
        <test-method is-config="true" signature="beforeClass()[pri:0, instance:com.selenium.app.AppTest6@740773a3]" started-at="2021-11-01T18:38:38 IST" name="beforeClass" finished-at="2021-11-01T18:41:25 IST" duration-ms="166729" status="PASS">
          <reporter-output>
          </reporter-output>
        </test-method> <!-- beforeClass -->
        <test-method signature="ClickOnCheckboxes()[pri:0, instance:com.selenium.app.AppTest6@740773a3]" started-at="2021-11-01T18:41:25 IST" name="ClickOnCheckboxes" finished-at="2021-11-01T18:41:25 IST" duration-ms="149" status="PASS">
          <reporter-output>
          </reporter-output>
        </test-method> <!-- ClickOnCheckboxes -->
        <test-method signature="ClickOnCheckboxes()[pri:0, instance:com.selenium.app.AppTest6@740773a3]" started-at="2021-11-01T18:41:25 IST" name="ClickOnCheckboxes" finished-at="2021-11-01T18:41:25 IST" duration-ms="488" status="PASS">
          <reporter-output>
          </reporter-output>
        </test-method> <!-- ClickOnCheckboxes -->
        <test-method signature="ClickOnCheckboxes()[pri:0, instance:com.selenium.app.AppTest6@740773a3]" started-at="2021-11-01T18:41:25 IST" name="ClickOnCheckboxes" finished-at="2021-11-01T18:41:25 IST" duration-ms="99" status="PASS">
          <reporter-output>
          </reporter-output>
        </test-method> <!-- ClickOnCheckboxes -->
        <test-method signature="ClickOnCheckboxes()[pri:0, instance:com.selenium.app.AppTest6@740773a3]" started-at="2021-11-01T18:41:25 IST" name="ClickOnCheckboxes" finished-at="2021-11-01T18:41:25 IST" duration-ms="79" status="PASS">
          <reporter-output>
          </reporter-output>
        </test-method> <!-- ClickOnCheckboxes -->
        <test-method signature="ClickOnCheckboxes()[pri:0, instance:com.selenium.app.AppTest6@740773a3]" started-at="2021-11-01T18:41:25 IST" name="ClickOnCheckboxes" finished-at="2021-11-01T18:41:25 IST" duration-ms="106" status="PASS">
          <reporter-output>
          </reporter-output>
        </test-method> <!-- ClickOnCheckboxes -->
        <test-method signature="ClickOnCheckboxes()[pri:0, instance:com.selenium.app.AppTest6@740773a3]" started-at="2021-11-01T18:41:25 IST" name="ClickOnCheckboxes" finished-at="2021-11-01T18:41:26 IST" duration-ms="132" status="PASS">
          <reporter-output>
          </reporter-output>
        </test-method> <!-- ClickOnCheckboxes -->
        <test-method signature="ClickOnCheckboxes()[pri:0, instance:com.selenium.app.AppTest6@740773a3]" started-at="2021-11-01T18:41:26 IST" name="ClickOnCheckboxes" finished-at="2021-11-01T18:41:26 IST" duration-ms="82" status="PASS">
          <reporter-output>
          </reporter-output>
        </test-method> <!-- ClickOnCheckboxes -->
        <test-method signature="ClickOnCheckboxes()[pri:0, instance:com.selenium.app.AppTest6@740773a3]" started-at="2021-11-01T18:41:26 IST" name="ClickOnCheckboxes" finished-at="2021-11-01T18:41:31 IST" duration-ms="5336" status="PASS">
          <reporter-output>
          </reporter-output>
        </test-method> <!-- ClickOnCheckboxes -->
        <test-method signature="ClickOnCheckboxes()[pri:0, instance:com.selenium.app.AppTest6@740773a3]" started-at="2021-11-01T18:41:31 IST" name="ClickOnCheckboxes" finished-at="2021-11-01T18:41:31 IST" duration-ms="107" status="PASS">
          <reporter-output>
          </reporter-output>
        </test-method> <!-- ClickOnCheckboxes -->
        <test-method signature="ClickOnCheckboxes()[pri:0, instance:com.selenium.app.AppTest6@740773a3]" started-at="2021-11-01T18:41:31 IST" name="ClickOnCheckboxes" finished-at="2021-11-01T18:41:31 IST" duration-ms="177" status="PASS">
          <reporter-output>
          </reporter-output>
        </test-method> <!-- ClickOnCheckboxes -->
        <test-method signature="ClickOnRadioButtons()[pri:0, instance:com.selenium.app.AppTest6@740773a3]" started-at="2021-11-01T18:41:31 IST" name="ClickOnRadioButtons" finished-at="2021-11-01T18:41:32 IST" duration-ms="288" status="PASS">
          <reporter-output>
          </reporter-output>
        </test-method> <!-- ClickOnRadioButtons -->
        <test-method is-config="true" signature="afterClass()[pri:0, instance:com.selenium.app.AppTest6@740773a3]" started-at="2021-11-01T18:41:32 IST" name="afterClass" finished-at="2021-11-01T18:41:33 IST" duration-ms="1149" status="PASS">
          <reporter-output>
          </reporter-output>
        </test-method> <!-- afterClass -->
      </class> <!-- com.selenium.app.AppTest6 -->
      <class name="com.selenium.app.AppTest3">
        <test-method is-config="true" signature="beforeClass()[pri:0, instance:com.selenium.app.AppTest3@484970b0]" started-at="2021-11-01T18:38:38 IST" name="beforeClass" finished-at="2021-11-01T18:39:17 IST" duration-ms="38940" status="PASS">
          <reporter-output>
          </reporter-output>
        </test-method> <!-- beforeClass -->
        <test-method signature="ClickOnCheckboxes()[pri:0, instance:com.selenium.app.AppTest3@484970b0]" started-at="2021-11-01T18:39:17 IST" name="ClickOnCheckboxes" finished-at="2021-11-01T18:39:29 IST" duration-ms="11900" status="PASS">
          <reporter-output>
          </reporter-output>
        </test-method> <!-- ClickOnCheckboxes -->
        <test-method signature="ClickOnCheckboxes()[pri:0, instance:com.selenium.app.AppTest3@484970b0]" started-at="2021-11-01T18:39:29 IST" name="ClickOnCheckboxes" finished-at="2021-11-01T18:39:31 IST" duration-ms="2166" status="PASS">
          <reporter-output>
          </reporter-output>
        </test-method> <!-- ClickOnCheckboxes -->
        <test-method signature="ClickOnCheckboxes()[pri:0, instance:com.selenium.app.AppTest3@484970b0]" started-at="2021-11-01T18:39:31 IST" name="ClickOnCheckboxes" finished-at="2021-11-01T18:39:32 IST" duration-ms="1033" status="PASS">
          <reporter-output>
          </reporter-output>
        </test-method> <!-- ClickOnCheckboxes -->
        <test-method signature="ClickOnCheckboxes()[pri:0, instance:com.selenium.app.AppTest3@484970b0]" started-at="2021-11-01T18:39:32 IST" name="ClickOnCheckboxes" finished-at="2021-11-01T18:39:33 IST" duration-ms="461" status="PASS">
          <reporter-output>
          </reporter-output>
        </test-method> <!-- ClickOnCheckboxes -->
        <test-method signature="ClickOnCheckboxes()[pri:0, instance:com.selenium.app.AppTest3@484970b0]" started-at="2021-11-01T18:39:33 IST" name="ClickOnCheckboxes" finished-at="2021-11-01T18:39:34 IST" duration-ms="1712" status="PASS">
          <reporter-output>
          </reporter-output>
        </test-method> <!-- ClickOnCheckboxes -->
        <test-method signature="ClickOnCheckboxes()[pri:0, instance:com.selenium.app.AppTest3@484970b0]" started-at="2021-11-01T18:39:34 IST" name="ClickOnCheckboxes" finished-at="2021-11-01T18:39:35 IST" duration-ms="72" status="PASS">
          <reporter-output>
          </reporter-output>
        </test-method> <!-- ClickOnCheckboxes -->
        <test-method signature="ClickOnCheckboxes()[pri:0, instance:com.selenium.app.AppTest3@484970b0]" started-at="2021-11-01T18:39:35 IST" name="ClickOnCheckboxes" finished-at="2021-11-01T18:39:35 IST" duration-ms="76" status="PASS">
          <reporter-output>
          </reporter-output>
        </test-method> <!-- ClickOnCheckboxes -->
        <test-method signature="ClickOnCheckboxes()[pri:0, instance:com.selenium.app.AppTest3@484970b0]" started-at="2021-11-01T18:39:35 IST" name="ClickOnCheckboxes" finished-at="2021-11-01T18:39:48 IST" duration-ms="13534" status="PASS">
          <reporter-output>
          </reporter-output>
        </test-method> <!-- ClickOnCheckboxes -->
        <test-method signature="ClickOnCheckboxes()[pri:0, instance:com.selenium.app.AppTest3@484970b0]" started-at="2021-11-01T18:39:48 IST" name="ClickOnCheckboxes" finished-at="2021-11-01T18:39:48 IST" duration-ms="72" status="PASS">
          <reporter-output>
          </reporter-output>
        </test-method> <!-- ClickOnCheckboxes -->
        <test-method signature="ClickOnCheckboxes()[pri:0, instance:com.selenium.app.AppTest3@484970b0]" started-at="2021-11-01T18:39:48 IST" name="ClickOnCheckboxes" finished-at="2021-11-01T18:39:49 IST" duration-ms="498" status="PASS">
          <reporter-output>
          </reporter-output>
        </test-method> <!-- ClickOnCheckboxes -->
        <test-method signature="ClickOnRadioButtons()[pri:0, instance:com.selenium.app.AppTest3@484970b0]" started-at="2021-11-01T18:39:49 IST" name="ClickOnRadioButtons" finished-at="2021-11-01T18:39:49 IST" duration-ms="112" status="PASS">
          <reporter-output>
          </reporter-output>
        </test-method> <!-- ClickOnRadioButtons -->
        <test-method is-config="true" signature="afterClass()[pri:0, instance:com.selenium.app.AppTest3@484970b0]" started-at="2021-11-01T18:39:49 IST" name="afterClass" finished-at="2021-11-01T18:39:52 IST" duration-ms="3323" status="PASS">
          <reporter-output>
          </reporter-output>
        </test-method> <!-- afterClass -->
      </class> <!-- com.selenium.app.AppTest3 -->
      <class name="com.selenium.app.AppTest4">
        <test-method is-config="true" signature="beforeClass()[pri:0, instance:com.selenium.app.AppTest4@7c83dc97]" started-at="2021-11-01T18:38:38 IST" name="beforeClass" finished-at="2021-11-01T18:39:30 IST" duration-ms="52121" status="PASS">
          <reporter-output>
          </reporter-output>
        </test-method> <!-- beforeClass -->
        <test-method signature="ClickOnCheckboxes()[pri:0, instance:com.selenium.app.AppTest4@7c83dc97]" started-at="2021-11-01T18:39:30 IST" name="ClickOnCheckboxes" finished-at="2021-11-01T18:39:31 IST" duration-ms="1471" status="PASS">
          <reporter-output>
          </reporter-output>
        </test-method> <!-- ClickOnCheckboxes -->
        <test-method signature="ClickOnCheckboxes()[pri:0, instance:com.selenium.app.AppTest4@7c83dc97]" started-at="2021-11-01T18:39:31 IST" name="ClickOnCheckboxes" finished-at="2021-11-01T18:39:32 IST" duration-ms="302" status="PASS">
          <reporter-output>
          </reporter-output>
        </test-method> <!-- ClickOnCheckboxes -->
        <test-method signature="ClickOnCheckboxes()[pri:0, instance:com.selenium.app.AppTest4@7c83dc97]" started-at="2021-11-01T18:39:32 IST" name="ClickOnCheckboxes" finished-at="2021-11-01T18:39:33 IST" duration-ms="1178" status="PASS">
          <reporter-output>
          </reporter-output>
        </test-method> <!-- ClickOnCheckboxes -->
        <test-method signature="ClickOnCheckboxes()[pri:0, instance:com.selenium.app.AppTest4@7c83dc97]" started-at="2021-11-01T18:39:33 IST" name="ClickOnCheckboxes" finished-at="2021-11-01T18:39:33 IST" duration-ms="321" status="PASS">
          <reporter-output>
          </reporter-output>
        </test-method> <!-- ClickOnCheckboxes -->
        <test-method signature="ClickOnCheckboxes()[pri:0, instance:com.selenium.app.AppTest4@7c83dc97]" started-at="2021-11-01T18:39:33 IST" name="ClickOnCheckboxes" finished-at="2021-11-01T18:39:35 IST" duration-ms="1378" status="PASS">
          <reporter-output>
          </reporter-output>
        </test-method> <!-- ClickOnCheckboxes -->
        <test-method signature="ClickOnCheckboxes()[pri:0, instance:com.selenium.app.AppTest4@7c83dc97]" started-at="2021-11-01T18:39:35 IST" name="ClickOnCheckboxes" finished-at="2021-11-01T18:39:37 IST" duration-ms="2766" status="PASS">
          <reporter-output>
          </reporter-output>
        </test-method> <!-- ClickOnCheckboxes -->
        <test-method signature="ClickOnCheckboxes()[pri:0, instance:com.selenium.app.AppTest4@7c83dc97]" started-at="2021-11-01T18:39:37 IST" name="ClickOnCheckboxes" finished-at="2021-11-01T18:39:38 IST" duration-ms="332" status="PASS">
          <reporter-output>
          </reporter-output>
        </test-method> <!-- ClickOnCheckboxes -->
        <test-method signature="ClickOnCheckboxes()[pri:0, instance:com.selenium.app.AppTest4@7c83dc97]" started-at="2021-11-01T18:39:38 IST" name="ClickOnCheckboxes" finished-at="2021-11-01T18:39:52 IST" duration-ms="14169" status="PASS">
          <reporter-output>
          </reporter-output>
        </test-method> <!-- ClickOnCheckboxes -->
        <test-method signature="ClickOnCheckboxes()[pri:0, instance:com.selenium.app.AppTest4@7c83dc97]" started-at="2021-11-01T18:39:52 IST" name="ClickOnCheckboxes" finished-at="2021-11-01T18:39:52 IST" duration-ms="82" status="PASS">
          <reporter-output>
          </reporter-output>
        </test-method> <!-- ClickOnCheckboxes -->
        <test-method signature="ClickOnCheckboxes()[pri:0, instance:com.selenium.app.AppTest4@7c83dc97]" started-at="2021-11-01T18:39:52 IST" name="ClickOnCheckboxes" finished-at="2021-11-01T18:39:52 IST" duration-ms="81" status="PASS">
          <reporter-output>
          </reporter-output>
        </test-method> <!-- ClickOnCheckboxes -->
        <test-method signature="ClickOnRadioButtons()[pri:0, instance:com.selenium.app.AppTest4@7c83dc97]" started-at="2021-11-01T18:39:52 IST" name="ClickOnRadioButtons" finished-at="2021-11-01T18:39:52 IST" duration-ms="110" status="PASS">
          <reporter-output>
          </reporter-output>
        </test-method> <!-- ClickOnRadioButtons -->
        <test-method is-config="true" signature="afterClass()[pri:0, instance:com.selenium.app.AppTest4@7c83dc97]" started-at="2021-11-01T18:39:52 IST" name="afterClass" finished-at="2021-11-01T18:39:57 IST" duration-ms="4770" status="PASS">
          <reporter-output>
          </reporter-output>
        </test-method> <!-- afterClass -->
      </class> <!-- com.selenium.app.AppTest4 -->
      <class name="com.selenium.app.AppTest">
        <test-method is-config="true" signature="beforeClass()[pri:0, instance:com.selenium.app.AppTest@4470f8a6]" started-at="2021-11-01T18:38:38 IST" name="beforeClass" finished-at="2021-11-01T18:39:28 IST" duration-ms="50200" status="PASS">
          <reporter-output>
          </reporter-output>
        </test-method> <!-- beforeClass -->
        <test-method signature="ClickOnCheckboxes()[pri:0, instance:com.selenium.app.AppTest@4470f8a6]" started-at="2021-11-01T18:39:28 IST" name="ClickOnCheckboxes" finished-at="2021-11-01T18:39:32 IST" duration-ms="4199" status="PASS">
          <reporter-output>
          </reporter-output>
        </test-method> <!-- ClickOnCheckboxes -->
        <test-method signature="ClickOnCheckboxes()[pri:0, instance:com.selenium.app.AppTest@4470f8a6]" started-at="2021-11-01T18:39:32 IST" name="ClickOnCheckboxes" finished-at="2021-11-01T18:39:33 IST" duration-ms="1081" status="PASS">
          <reporter-output>
          </reporter-output>
        </test-method> <!-- ClickOnCheckboxes -->
        <test-method signature="ClickOnCheckboxes()[pri:0, instance:com.selenium.app.AppTest@4470f8a6]" started-at="2021-11-01T18:39:33 IST" name="ClickOnCheckboxes" finished-at="2021-11-01T18:39:34 IST" duration-ms="675" status="PASS">
          <reporter-output>
          </reporter-output>
        </test-method> <!-- ClickOnCheckboxes -->
        <test-method signature="ClickOnCheckboxes()[pri:0, instance:com.selenium.app.AppTest@4470f8a6]" started-at="2021-11-01T18:39:34 IST" name="ClickOnCheckboxes" finished-at="2021-11-01T18:39:36 IST" duration-ms="1966" status="PASS">
          <reporter-output>
          </reporter-output>
        </test-method> <!-- ClickOnCheckboxes -->
        <test-method signature="ClickOnCheckboxes()[pri:0, instance:com.selenium.app.AppTest@4470f8a6]" started-at="2021-11-01T18:39:36 IST" name="ClickOnCheckboxes" finished-at="2021-11-01T18:39:36 IST" duration-ms="207" status="PASS">
          <reporter-output>
          </reporter-output>
        </test-method> <!-- ClickOnCheckboxes -->
        <test-method signature="ClickOnCheckboxes()[pri:0, instance:com.selenium.app.AppTest@4470f8a6]" started-at="2021-11-01T18:39:36 IST" name="ClickOnCheckboxes" finished-at="2021-11-01T18:39:37 IST" duration-ms="583" status="PASS">
          <reporter-output>
          </reporter-output>
        </test-method> <!-- ClickOnCheckboxes -->
        <test-method signature="ClickOnCheckboxes()[pri:0, instance:com.selenium.app.AppTest@4470f8a6]" started-at="2021-11-01T18:39:37 IST" name="ClickOnCheckboxes" finished-at="2021-11-01T18:39:37 IST" duration-ms="395" status="PASS">
          <reporter-output>
          </reporter-output>
        </test-method> <!-- ClickOnCheckboxes -->
        <test-method signature="ClickOnCheckboxes()[pri:0, instance:com.selenium.app.AppTest@4470f8a6]" started-at="2021-11-01T18:39:37 IST" name="ClickOnCheckboxes" finished-at="2021-11-01T18:39:38 IST" duration-ms="666" status="PASS">
          <reporter-output>
          </reporter-output>
        </test-method> <!-- ClickOnCheckboxes -->
        <test-method signature="ClickOnCheckboxes()[pri:0, instance:com.selenium.app.AppTest@4470f8a6]" started-at="2021-11-01T18:39:38 IST" name="ClickOnCheckboxes" finished-at="2021-11-01T18:39:38 IST" duration-ms="491" status="PASS">
          <reporter-output>
          </reporter-output>
        </test-method> <!-- ClickOnCheckboxes -->
        <test-method signature="ClickOnCheckboxes()[pri:0, instance:com.selenium.app.AppTest@4470f8a6]" started-at="2021-11-01T18:39:38 IST" name="ClickOnCheckboxes" finished-at="2021-11-01T18:39:39 IST" duration-ms="310" status="PASS">
          <reporter-output>
          </reporter-output>
        </test-method> <!-- ClickOnCheckboxes -->
        <test-method signature="ClickOnRadioButtons()[pri:0, instance:com.selenium.app.AppTest@4470f8a6]" started-at="2021-11-01T18:39:39 IST" name="ClickOnRadioButtons" finished-at="2021-11-01T18:39:40 IST" duration-ms="1230" status="PASS">
          <reporter-output>
          </reporter-output>
        </test-method> <!-- ClickOnRadioButtons -->
        <test-method is-config="true" signature="afterClass()[pri:0, instance:com.selenium.app.AppTest@4470f8a6]" started-at="2021-11-01T18:39:40 IST" name="afterClass" finished-at="2021-11-01T18:39:44 IST" duration-ms="4073" status="PASS">
          <reporter-output>
          </reporter-output>
        </test-method> <!-- afterClass -->
      </class> <!-- com.selenium.app.AppTest -->
      <class name="com.selenium.app.AppTest2">
        <test-method is-config="true" signature="beforeClass()[pri:0, instance:com.selenium.app.AppTest2@3e96bacf]" started-at="2021-11-01T18:38:38 IST" name="beforeClass" finished-at="2021-11-01T18:39:17 IST" duration-ms="38959" status="PASS">
          <reporter-output>
          </reporter-output>
        </test-method> <!-- beforeClass -->
        <test-method signature="ClickOnCheckboxes()[pri:0, instance:com.selenium.app.AppTest2@3e96bacf]" started-at="2021-11-01T18:39:17 IST" name="ClickOnCheckboxes" finished-at="2021-11-01T18:39:29 IST" duration-ms="11737" status="PASS">
          <reporter-output>
          </reporter-output>
        </test-method> <!-- ClickOnCheckboxes -->
        <test-method signature="ClickOnCheckboxes()[pri:0, instance:com.selenium.app.AppTest2@3e96bacf]" started-at="2021-11-01T18:39:29 IST" name="ClickOnCheckboxes" finished-at="2021-11-01T18:39:35 IST" duration-ms="5629" status="PASS">
          <reporter-output>
          </reporter-output>
        </test-method> <!-- ClickOnCheckboxes -->
        <test-method signature="ClickOnCheckboxes()[pri:0, instance:com.selenium.app.AppTest2@3e96bacf]" started-at="2021-11-01T18:39:35 IST" name="ClickOnCheckboxes" finished-at="2021-11-01T18:39:38 IST" duration-ms="3443" status="PASS">
          <reporter-output>
          </reporter-output>
        </test-method> <!-- ClickOnCheckboxes -->
        <test-method signature="ClickOnCheckboxes()[pri:0, instance:com.selenium.app.AppTest2@3e96bacf]" started-at="2021-11-01T18:39:38 IST" name="ClickOnCheckboxes" finished-at="2021-11-01T18:39:42 IST" duration-ms="4305" status="PASS">
          <reporter-output>
          </reporter-output>
        </test-method> <!-- ClickOnCheckboxes -->
        <test-method signature="ClickOnCheckboxes()[pri:0, instance:com.selenium.app.AppTest2@3e96bacf]" started-at="2021-11-01T18:39:42 IST" name="ClickOnCheckboxes" finished-at="2021-11-01T18:39:46 IST" duration-ms="3983" status="PASS">
          <reporter-output>
          </reporter-output>
        </test-method> <!-- ClickOnCheckboxes -->
        <test-method signature="ClickOnCheckboxes()[pri:0, instance:com.selenium.app.AppTest2@3e96bacf]" started-at="2021-11-01T18:39:46 IST" name="ClickOnCheckboxes" finished-at="2021-11-01T18:39:47 IST" duration-ms="119" status="PASS">
          <reporter-output>
          </reporter-output>
        </test-method> <!-- ClickOnCheckboxes -->
        <test-method signature="ClickOnCheckboxes()[pri:0, instance:com.selenium.app.AppTest2@3e96bacf]" started-at="2021-11-01T18:39:47 IST" name="ClickOnCheckboxes" finished-at="2021-11-01T18:39:47 IST" duration-ms="115" status="PASS">
          <reporter-output>
          </reporter-output>
        </test-method> <!-- ClickOnCheckboxes -->
        <test-method signature="ClickOnCheckboxes()[pri:0, instance:com.selenium.app.AppTest2@3e96bacf]" started-at="2021-11-01T18:39:47 IST" name="ClickOnCheckboxes" finished-at="2021-11-01T18:39:50 IST" duration-ms="3148" status="PASS">
          <reporter-output>
          </reporter-output>
        </test-method> <!-- ClickOnCheckboxes -->
        <test-method signature="ClickOnCheckboxes()[pri:0, instance:com.selenium.app.AppTest2@3e96bacf]" started-at="2021-11-01T18:39:50 IST" name="ClickOnCheckboxes" finished-at="2021-11-01T18:39:50 IST" duration-ms="84" status="PASS">
          <reporter-output>
          </reporter-output>
        </test-method> <!-- ClickOnCheckboxes -->
        <test-method signature="ClickOnCheckboxes()[pri:0, instance:com.selenium.app.AppTest2@3e96bacf]" started-at="2021-11-01T18:39:50 IST" name="ClickOnCheckboxes" finished-at="2021-11-01T18:39:53 IST" duration-ms="3219" status="PASS">
          <reporter-output>
          </reporter-output>
        </test-method> <!-- ClickOnCheckboxes -->
        <test-method signature="ClickOnRadioButtons()[pri:0, instance:com.selenium.app.AppTest2@3e96bacf]" started-at="2021-11-01T18:39:53 IST" name="ClickOnRadioButtons" finished-at="2021-11-01T18:39:54 IST" duration-ms="485" status="PASS">
          <reporter-output>
          </reporter-output>
        </test-method> <!-- ClickOnRadioButtons -->
        <test-method is-config="true" signature="afterClass()[pri:0, instance:com.selenium.app.AppTest2@3e96bacf]" started-at="2021-11-01T18:39:54 IST" name="afterClass" finished-at="2021-11-01T18:39:57 IST" duration-ms="3274" status="PASS">
          <reporter-output>
          </reporter-output>
        </test-method> <!-- afterClass -->
      </class> <!-- com.selenium.app.AppTest2 -->
    </test> <!-- Test -->
  </suite> <!-- Suite -->
</testng-results>
