<?xml version="1.0" encoding="UTF-8"?>
<testng-results ignored="6" total="72" passed="66" failed="0" skipped="0">
  <reporter-output>
  </reporter-output>
  <suite started-at="2021-11-01T13:03:27 IST" name="Suite" finished-at="2021-11-01T13:04:21 IST" duration-ms="53825">
    <groups>
    </groups>
    <test started-at="2021-11-01T13:03:27 IST" name="Test" finished-at="2021-11-01T13:04:21 IST" duration-ms="53825">
      <class name="com.selenium.app.AppTest5">
        <test-method is-config="true" signature="beforeClass()[pri:0, instance:com.selenium.app.AppTest5@693fe6c9]" started-at="2021-11-01T13:03:44 IST" name="beforeClass" finished-at="2021-11-01T13:03:59 IST" duration-ms="15899" status="PASS">
          <reporter-output>
          </reporter-output>
        </test-method> <!-- beforeClass -->
        <test-method signature="ClickOnCheckboxes()[pri:0, instance:com.selenium.app.AppTest5@693fe6c9]" started-at="2021-11-01T13:03:59 IST" name="ClickOnCheckboxes" finished-at="2021-11-01T13:04:00 IST" duration-ms="370" status="PASS">
          <reporter-output>
          </reporter-output>
        </test-method> <!-- ClickOnCheckboxes -->
        <test-method signature="ClickOnCheckboxes()[pri:0, instance:com.selenium.app.AppTest5@693fe6c9]" started-at="2021-11-01T13:04:00 IST" name="ClickOnCheckboxes" finished-at="2021-11-01T13:04:00 IST" duration-ms="183" status="PASS">
          <reporter-output>
          </reporter-output>
        </test-method> <!-- ClickOnCheckboxes -->
        <test-method signature="ClickOnCheckboxes()[pri:0, instance:com.selenium.app.AppTest5@693fe6c9]" started-at="2021-11-01T13:04:00 IST" name="ClickOnCheckboxes" finished-at="2021-11-01T13:04:00 IST" duration-ms="177" status="PASS">
          <reporter-output>
          </reporter-output>
        </test-method> <!-- ClickOnCheckboxes -->
        <test-method signature="ClickOnCheckboxes()[pri:0, instance:com.selenium.app.AppTest5@693fe6c9]" started-at="2021-11-01T13:04:00 IST" name="ClickOnCheckboxes" finished-at="2021-11-01T13:04:00 IST" duration-ms="143" status="PASS">
          <reporter-output>
          </reporter-output>
        </test-method> <!-- ClickOnCheckboxes -->
        <test-method signature="ClickOnCheckboxes()[pri:0, instance:com.selenium.app.AppTest5@693fe6c9]" started-at="2021-11-01T13:04:00 IST" name="ClickOnCheckboxes" finished-at="2021-11-01T13:04:00 IST" duration-ms="182" status="PASS">
          <reporter-output>
          </reporter-output>
        </test-method> <!-- ClickOnCheckboxes -->
        <test-method signature="ClickOnCheckboxes()[pri:0, instance:com.selenium.app.AppTest5@693fe6c9]" started-at="2021-11-01T13:04:00 IST" name="ClickOnCheckboxes" finished-at="2021-11-01T13:04:01 IST" duration-ms="293" status="PASS">
          <reporter-output>
          </reporter-output>
        </test-method> <!-- ClickOnCheckboxes -->
        <test-method signature="ClickOnCheckboxes()[pri:0, instance:com.selenium.app.AppTest5@693fe6c9]" started-at="2021-11-01T13:04:01 IST" name="ClickOnCheckboxes" finished-at="2021-11-01T13:04:01 IST" duration-ms="147" status="PASS">
          <reporter-output>
          </reporter-output>
        </test-method> <!-- ClickOnCheckboxes -->
        <test-method signature="ClickOnCheckboxes()[pri:0, instance:com.selenium.app.AppTest5@693fe6c9]" started-at="2021-11-01T13:04:01 IST" name="ClickOnCheckboxes" finished-at="2021-11-01T13:04:01 IST" duration-ms="179" status="PASS">
          <reporter-output>
          </reporter-output>
        </test-method> <!-- ClickOnCheckboxes -->
        <test-method signature="ClickOnCheckboxes()[pri:0, instance:com.selenium.app.AppTest5@693fe6c9]" started-at="2021-11-01T13:04:01 IST" name="ClickOnCheckboxes" finished-at="2021-11-01T13:04:01 IST" duration-ms="110" status="PASS">
          <reporter-output>
          </reporter-output>
        </test-method> <!-- ClickOnCheckboxes -->
        <test-method signature="ClickOnCheckboxes()[pri:0, instance:com.selenium.app.AppTest5@693fe6c9]" started-at="2021-11-01T13:04:01 IST" name="ClickOnCheckboxes" finished-at="2021-11-01T13:04:01 IST" duration-ms="113" status="PASS">
          <reporter-output>
          </reporter-output>
        </test-method> <!-- ClickOnCheckboxes -->
        <test-method signature="ClickOnRadioButtons()[pri:0, instance:com.selenium.app.AppTest5@693fe6c9]" started-at="2021-11-01T13:04:01 IST" name="ClickOnRadioButtons" finished-at="2021-11-01T13:04:02 IST" duration-ms="217" status="PASS">
          <reporter-output>
          </reporter-output>
        </test-method> <!-- ClickOnRadioButtons -->
        <test-method is-config="true" signature="afterClass()[pri:0, instance:com.selenium.app.AppTest5@693fe6c9]" started-at="2021-11-01T13:04:02 IST" name="afterClass" finished-at="2021-11-01T13:04:03 IST" duration-ms="1542" status="PASS">
          <reporter-output>
          </reporter-output>
        </test-method> <!-- afterClass -->
      </class> <!-- com.selenium.app.AppTest5 -->
      <class name="com.selenium.app.AppTest6">
        <test-method is-config="true" signature="beforeClass()[pri:0, instance:com.selenium.app.AppTest6@34f5090e]" started-at="2021-11-01T13:03:44 IST" name="beforeClass" finished-at="2021-11-01T13:03:59 IST" duration-ms="15002" status="PASS">
          <reporter-output>
          </reporter-output>
        </test-method> <!-- beforeClass -->
        <test-method signature="ClickOnCheckboxes()[pri:0, instance:com.selenium.app.AppTest6@34f5090e]" started-at="2021-11-01T13:03:59 IST" name="ClickOnCheckboxes" finished-at="2021-11-01T13:03:59 IST" duration-ms="384" status="PASS">
          <reporter-output>
          </reporter-output>
        </test-method> <!-- ClickOnCheckboxes -->
        <test-method signature="ClickOnCheckboxes()[pri:0, instance:com.selenium.app.AppTest6@34f5090e]" started-at="2021-11-01T13:03:59 IST" name="ClickOnCheckboxes" finished-at="2021-11-01T13:03:59 IST" duration-ms="104" status="PASS">
          <reporter-output>
          </reporter-output>
        </test-method> <!-- ClickOnCheckboxes -->
        <test-method signature="ClickOnCheckboxes()[pri:0, instance:com.selenium.app.AppTest6@34f5090e]" started-at="2021-11-01T13:03:59 IST" name="ClickOnCheckboxes" finished-at="2021-11-01T13:03:59 IST" duration-ms="100" status="PASS">
          <reporter-output>
          </reporter-output>
        </test-method> <!-- ClickOnCheckboxes -->
        <test-method signature="ClickOnCheckboxes()[pri:0, instance:com.selenium.app.AppTest6@34f5090e]" started-at="2021-11-01T13:03:59 IST" name="ClickOnCheckboxes" finished-at="2021-11-01T13:03:59 IST" duration-ms="100" status="PASS">
          <reporter-output>
          </reporter-output>
        </test-method> <!-- ClickOnCheckboxes -->
        <test-method signature="ClickOnCheckboxes()[pri:0, instance:com.selenium.app.AppTest6@34f5090e]" started-at="2021-11-01T13:03:59 IST" name="ClickOnCheckboxes" finished-at="2021-11-01T13:03:59 IST" duration-ms="102" status="PASS">
          <reporter-output>
          </reporter-output>
        </test-method> <!-- ClickOnCheckboxes -->
        <test-method signature="ClickOnCheckboxes()[pri:0, instance:com.selenium.app.AppTest6@34f5090e]" started-at="2021-11-01T13:03:59 IST" name="ClickOnCheckboxes" finished-at="2021-11-01T13:03:59 IST" duration-ms="176" status="PASS">
          <reporter-output>
          </reporter-output>
        </test-method> <!-- ClickOnCheckboxes -->
        <test-method signature="ClickOnCheckboxes()[pri:0, instance:com.selenium.app.AppTest6@34f5090e]" started-at="2021-11-01T13:03:59 IST" name="ClickOnCheckboxes" finished-at="2021-11-01T13:04:00 IST" duration-ms="181" status="PASS">
          <reporter-output>
          </reporter-output>
        </test-method> <!-- ClickOnCheckboxes -->
        <test-method signature="ClickOnCheckboxes()[pri:0, instance:com.selenium.app.AppTest6@34f5090e]" started-at="2021-11-01T13:04:00 IST" name="ClickOnCheckboxes" finished-at="2021-11-01T13:04:00 IST" duration-ms="157" status="PASS">
          <reporter-output>
          </reporter-output>
        </test-method> <!-- ClickOnCheckboxes -->
        <test-method signature="ClickOnCheckboxes()[pri:0, instance:com.selenium.app.AppTest6@34f5090e]" started-at="2021-11-01T13:04:00 IST" name="ClickOnCheckboxes" finished-at="2021-11-01T13:04:00 IST" duration-ms="165" status="PASS">
          <reporter-output>
          </reporter-output>
        </test-method> <!-- ClickOnCheckboxes -->
        <test-method signature="ClickOnCheckboxes()[pri:0, instance:com.selenium.app.AppTest6@34f5090e]" started-at="2021-11-01T13:04:00 IST" name="ClickOnCheckboxes" finished-at="2021-11-01T13:04:00 IST" duration-ms="168" status="PASS">
          <reporter-output>
          </reporter-output>
        </test-method> <!-- ClickOnCheckboxes -->
        <test-method signature="ClickOnRadioButtons()[pri:0, instance:com.selenium.app.AppTest6@34f5090e]" started-at="2021-11-01T13:04:00 IST" name="ClickOnRadioButtons" finished-at="2021-11-01T13:04:00 IST" duration-ms="199" status="PASS">
          <reporter-output>
          </reporter-output>
        </test-method> <!-- ClickOnRadioButtons -->
        <test-method is-config="true" signature="afterClass()[pri:0, instance:com.selenium.app.AppTest6@34f5090e]" started-at="2021-11-01T13:04:00 IST" name="afterClass" finished-at="2021-11-01T13:04:03 IST" duration-ms="2716" status="PASS">
          <reporter-output>
          </reporter-output>
        </test-method> <!-- afterClass -->
      </class> <!-- com.selenium.app.AppTest6 -->
      <class name="com.selenium.app.AppTest3">
        <test-method is-config="true" signature="beforeClass()[pri:0, instance:com.selenium.app.AppTest3@27ff5d15]" started-at="2021-11-01T13:03:44 IST" name="beforeClass" finished-at="2021-11-01T13:03:59 IST" duration-ms="15836" status="PASS">
          <reporter-output>
          </reporter-output>
        </test-method> <!-- beforeClass -->
        <test-method signature="ClickOnCheckboxes()[pri:0, instance:com.selenium.app.AppTest3@27ff5d15]" started-at="2021-11-01T13:03:59 IST" name="ClickOnCheckboxes" finished-at="2021-11-01T13:04:00 IST" duration-ms="360" status="PASS">
          <reporter-output>
          </reporter-output>
        </test-method> <!-- ClickOnCheckboxes -->
        <test-method signature="ClickOnCheckboxes()[pri:0, instance:com.selenium.app.AppTest3@27ff5d15]" started-at="2021-11-01T13:04:00 IST" name="ClickOnCheckboxes" finished-at="2021-11-01T13:04:00 IST" duration-ms="168" status="PASS">
          <reporter-output>
          </reporter-output>
        </test-method> <!-- ClickOnCheckboxes -->
        <test-method signature="ClickOnCheckboxes()[pri:0, instance:com.selenium.app.AppTest3@27ff5d15]" started-at="2021-11-01T13:04:00 IST" name="ClickOnCheckboxes" finished-at="2021-11-01T13:04:00 IST" duration-ms="200" status="PASS">
          <reporter-output>
          </reporter-output>
        </test-method> <!-- ClickOnCheckboxes -->
        <test-method signature="ClickOnCheckboxes()[pri:0, instance:com.selenium.app.AppTest3@27ff5d15]" started-at="2021-11-01T13:04:00 IST" name="ClickOnCheckboxes" finished-at="2021-11-01T13:04:00 IST" duration-ms="143" status="PASS">
          <reporter-output>
          </reporter-output>
        </test-method> <!-- ClickOnCheckboxes -->
        <test-method signature="ClickOnCheckboxes()[pri:0, instance:com.selenium.app.AppTest3@27ff5d15]" started-at="2021-11-01T13:04:00 IST" name="ClickOnCheckboxes" finished-at="2021-11-01T13:04:00 IST" duration-ms="161" status="PASS">
          <reporter-output>
          </reporter-output>
        </test-method> <!-- ClickOnCheckboxes -->
        <test-method signature="ClickOnCheckboxes()[pri:0, instance:com.selenium.app.AppTest3@27ff5d15]" started-at="2021-11-01T13:04:00 IST" name="ClickOnCheckboxes" finished-at="2021-11-01T13:04:01 IST" duration-ms="185" status="PASS">
          <reporter-output>
          </reporter-output>
        </test-method> <!-- ClickOnCheckboxes -->
        <test-method signature="ClickOnCheckboxes()[pri:0, instance:com.selenium.app.AppTest3@27ff5d15]" started-at="2021-11-01T13:04:01 IST" name="ClickOnCheckboxes" finished-at="2021-11-01T13:04:01 IST" duration-ms="309" status="PASS">
          <reporter-output>
          </reporter-output>
        </test-method> <!-- ClickOnCheckboxes -->
        <test-method signature="ClickOnCheckboxes()[pri:0, instance:com.selenium.app.AppTest3@27ff5d15]" started-at="2021-11-01T13:04:01 IST" name="ClickOnCheckboxes" finished-at="2021-11-01T13:04:01 IST" duration-ms="190" status="PASS">
          <reporter-output>
          </reporter-output>
        </test-method> <!-- ClickOnCheckboxes -->
        <test-method signature="ClickOnCheckboxes()[pri:0, instance:com.selenium.app.AppTest3@27ff5d15]" started-at="2021-11-01T13:04:01 IST" name="ClickOnCheckboxes" finished-at="2021-11-01T13:04:01 IST" duration-ms="130" status="PASS">
          <reporter-output>
          </reporter-output>
        </test-method> <!-- ClickOnCheckboxes -->
        <test-method signature="ClickOnCheckboxes()[pri:0, instance:com.selenium.app.AppTest3@27ff5d15]" started-at="2021-11-01T13:04:01 IST" name="ClickOnCheckboxes" finished-at="2021-11-01T13:04:01 IST" duration-ms="117" status="PASS">
          <reporter-output>
          </reporter-output>
        </test-method> <!-- ClickOnCheckboxes -->
        <test-method signature="ClickOnRadioButtons()[pri:0, instance:com.selenium.app.AppTest3@27ff5d15]" started-at="2021-11-01T13:04:01 IST" name="ClickOnRadioButtons" finished-at="2021-11-01T13:04:01 IST" duration-ms="143" status="PASS">
          <reporter-output>
          </reporter-output>
        </test-method> <!-- ClickOnRadioButtons -->
        <test-method is-config="true" signature="afterClass()[pri:0, instance:com.selenium.app.AppTest3@27ff5d15]" started-at="2021-11-01T13:04:01 IST" name="afterClass" finished-at="2021-11-01T13:04:03 IST" duration-ms="1498" status="PASS">
          <reporter-output>
          </reporter-output>
        </test-method> <!-- afterClass -->
      </class> <!-- com.selenium.app.AppTest3 -->
      <class name="com.selenium.app.AppTest4">
        <test-method is-config="true" signature="beforeClass()[pri:0, instance:com.selenium.app.AppTest4@649bec2e]" started-at="2021-11-01T13:03:44 IST" name="beforeClass" finished-at="2021-11-01T13:03:59 IST" duration-ms="15823" status="PASS">
          <reporter-output>
          </reporter-output>
        </test-method> <!-- beforeClass -->
        <test-method signature="ClickOnCheckboxes()[pri:0, instance:com.selenium.app.AppTest4@649bec2e]" started-at="2021-11-01T13:03:59 IST" name="ClickOnCheckboxes" finished-at="2021-11-01T13:04:00 IST" duration-ms="372" status="PASS">
          <reporter-output>
          </reporter-output>
        </test-method> <!-- ClickOnCheckboxes -->
        <test-method signature="ClickOnCheckboxes()[pri:0, instance:com.selenium.app.AppTest4@649bec2e]" started-at="2021-11-01T13:04:00 IST" name="ClickOnCheckboxes" finished-at="2021-11-01T13:04:00 IST" duration-ms="173" status="PASS">
          <reporter-output>
          </reporter-output>
        </test-method> <!-- ClickOnCheckboxes -->
        <test-method signature="ClickOnCheckboxes()[pri:0, instance:com.selenium.app.AppTest4@649bec2e]" started-at="2021-11-01T13:04:00 IST" name="ClickOnCheckboxes" finished-at="2021-11-01T13:04:00 IST" duration-ms="174" status="PASS">
          <reporter-output>
          </reporter-output>
        </test-method> <!-- ClickOnCheckboxes -->
        <test-method signature="ClickOnCheckboxes()[pri:0, instance:com.selenium.app.AppTest4@649bec2e]" started-at="2021-11-01T13:04:00 IST" name="ClickOnCheckboxes" finished-at="2021-11-01T13:04:00 IST" duration-ms="150" status="PASS">
          <reporter-output>
          </reporter-output>
        </test-method> <!-- ClickOnCheckboxes -->
        <test-method signature="ClickOnCheckboxes()[pri:0, instance:com.selenium.app.AppTest4@649bec2e]" started-at="2021-11-01T13:04:00 IST" name="ClickOnCheckboxes" finished-at="2021-11-01T13:04:00 IST" duration-ms="162" status="PASS">
          <reporter-output>
          </reporter-output>
        </test-method> <!-- ClickOnCheckboxes -->
        <test-method signature="ClickOnCheckboxes()[pri:0, instance:com.selenium.app.AppTest4@649bec2e]" started-at="2021-11-01T13:04:00 IST" name="ClickOnCheckboxes" finished-at="2021-11-01T13:04:01 IST" duration-ms="184" status="PASS">
          <reporter-output>
          </reporter-output>
        </test-method> <!-- ClickOnCheckboxes -->
        <test-method signature="ClickOnCheckboxes()[pri:0, instance:com.selenium.app.AppTest4@649bec2e]" started-at="2021-11-01T13:04:01 IST" name="ClickOnCheckboxes" finished-at="2021-11-01T13:04:01 IST" duration-ms="302" status="PASS">
          <reporter-output>
          </reporter-output>
        </test-method> <!-- ClickOnCheckboxes -->
        <test-method signature="ClickOnCheckboxes()[pri:0, instance:com.selenium.app.AppTest4@649bec2e]" started-at="2021-11-01T13:04:01 IST" name="ClickOnCheckboxes" finished-at="2021-11-01T13:04:01 IST" duration-ms="186" status="PASS">
          <reporter-output>
          </reporter-output>
        </test-method> <!-- ClickOnCheckboxes -->
        <test-method signature="ClickOnCheckboxes()[pri:0, instance:com.selenium.app.AppTest4@649bec2e]" started-at="2021-11-01T13:04:01 IST" name="ClickOnCheckboxes" finished-at="2021-11-01T13:04:01 IST" duration-ms="140" status="PASS">
          <reporter-output>
          </reporter-output>
        </test-method> <!-- ClickOnCheckboxes -->
        <test-method signature="ClickOnCheckboxes()[pri:0, instance:com.selenium.app.AppTest4@649bec2e]" started-at="2021-11-01T13:04:01 IST" name="ClickOnCheckboxes" finished-at="2021-11-01T13:04:01 IST" duration-ms="115" status="PASS">
          <reporter-output>
          </reporter-output>
        </test-method> <!-- ClickOnCheckboxes -->
        <test-method signature="ClickOnRadioButtons()[pri:0, instance:com.selenium.app.AppTest4@649bec2e]" started-at="2021-11-01T13:04:01 IST" name="ClickOnRadioButtons" finished-at="2021-11-01T13:04:01 IST" duration-ms="156" status="PASS">
          <reporter-output>
          </reporter-output>
        </test-method> <!-- ClickOnRadioButtons -->
        <test-method is-config="true" signature="afterClass()[pri:0, instance:com.selenium.app.AppTest4@649bec2e]" started-at="2021-11-01T13:04:01 IST" name="afterClass" finished-at="2021-11-01T13:04:03 IST" duration-ms="1614" status="PASS">
          <reporter-output>
          </reporter-output>
        </test-method> <!-- afterClass -->
      </class> <!-- com.selenium.app.AppTest4 -->
      <class name="com.selenium.app.AppTest">
        <test-method is-config="true" signature="beforeClass()[pri:0, instance:com.selenium.app.AppTest@4e096385]" started-at="2021-11-01T13:03:44 IST" name="beforeClass" finished-at="2021-11-01T13:04:01 IST" duration-ms="17763" status="PASS">
          <reporter-output>
          </reporter-output>
        </test-method> <!-- beforeClass -->
        <test-method signature="ClickOnCheckboxes()[pri:0, instance:com.selenium.app.AppTest@4e096385]" started-at="2021-11-01T13:04:01 IST" name="ClickOnCheckboxes" finished-at="2021-11-01T13:04:02 IST" duration-ms="309" status="PASS">
          <reporter-output>
          </reporter-output>
        </test-method> <!-- ClickOnCheckboxes -->
        <test-method signature="ClickOnCheckboxes()[pri:0, instance:com.selenium.app.AppTest@4e096385]" started-at="2021-11-01T13:04:02 IST" name="ClickOnCheckboxes" finished-at="2021-11-01T13:04:02 IST" duration-ms="77" status="PASS">
          <reporter-output>
          </reporter-output>
        </test-method> <!-- ClickOnCheckboxes -->
        <test-method signature="ClickOnCheckboxes()[pri:0, instance:com.selenium.app.AppTest@4e096385]" started-at="2021-11-01T13:04:02 IST" name="ClickOnCheckboxes" finished-at="2021-11-01T13:04:02 IST" duration-ms="73" status="PASS">
          <reporter-output>
          </reporter-output>
        </test-method> <!-- ClickOnCheckboxes -->
        <test-method signature="ClickOnCheckboxes()[pri:0, instance:com.selenium.app.AppTest@4e096385]" started-at="2021-11-01T13:04:02 IST" name="ClickOnCheckboxes" finished-at="2021-11-01T13:04:02 IST" duration-ms="82" status="PASS">
          <reporter-output>
          </reporter-output>
        </test-method> <!-- ClickOnCheckboxes -->
        <test-method signature="ClickOnCheckboxes()[pri:0, instance:com.selenium.app.AppTest@4e096385]" started-at="2021-11-01T13:04:02 IST" name="ClickOnCheckboxes" finished-at="2021-11-01T13:04:02 IST" duration-ms="77" status="PASS">
          <reporter-output>
          </reporter-output>
        </test-method> <!-- ClickOnCheckboxes -->
        <test-method signature="ClickOnCheckboxes()[pri:0, instance:com.selenium.app.AppTest@4e096385]" started-at="2021-11-01T13:04:02 IST" name="ClickOnCheckboxes" finished-at="2021-11-01T13:04:02 IST" duration-ms="80" status="PASS">
          <reporter-output>
          </reporter-output>
        </test-method> <!-- ClickOnCheckboxes -->
        <test-method signature="ClickOnCheckboxes()[pri:0, instance:com.selenium.app.AppTest@4e096385]" started-at="2021-11-01T13:04:02 IST" name="ClickOnCheckboxes" finished-at="2021-11-01T13:04:02 IST" duration-ms="84" status="PASS">
          <reporter-output>
          </reporter-output>
        </test-method> <!-- ClickOnCheckboxes -->
        <test-method signature="ClickOnCheckboxes()[pri:0, instance:com.selenium.app.AppTest@4e096385]" started-at="2021-11-01T13:04:02 IST" name="ClickOnCheckboxes" finished-at="2021-11-01T13:04:02 IST" duration-ms="74" status="PASS">
          <reporter-output>
          </reporter-output>
        </test-method> <!-- ClickOnCheckboxes -->
        <test-method signature="ClickOnCheckboxes()[pri:0, instance:com.selenium.app.AppTest@4e096385]" started-at="2021-11-01T13:04:02 IST" name="ClickOnCheckboxes" finished-at="2021-11-01T13:04:02 IST" duration-ms="82" status="PASS">
          <reporter-output>
          </reporter-output>
        </test-method> <!-- ClickOnCheckboxes -->
        <test-method signature="ClickOnCheckboxes()[pri:0, instance:com.selenium.app.AppTest@4e096385]" started-at="2021-11-01T13:04:02 IST" name="ClickOnCheckboxes" finished-at="2021-11-01T13:04:02 IST" duration-ms="76" status="PASS">
          <reporter-output>
          </reporter-output>
        </test-method> <!-- ClickOnCheckboxes -->
        <test-method signature="ClickOnRadioButtons()[pri:0, instance:com.selenium.app.AppTest@4e096385]" started-at="2021-11-01T13:04:02 IST" name="ClickOnRadioButtons" finished-at="2021-11-01T13:04:02 IST" duration-ms="158" status="PASS">
          <reporter-output>
          </reporter-output>
        </test-method> <!-- ClickOnRadioButtons -->
        <test-method is-config="true" signature="afterClass()[pri:0, instance:com.selenium.app.AppTest@4e096385]" started-at="2021-11-01T13:04:02 IST" name="afterClass" finished-at="2021-11-01T13:04:03 IST" duration-ms="668" status="PASS">
          <reporter-output>
          </reporter-output>
        </test-method> <!-- afterClass -->
      </class> <!-- com.selenium.app.AppTest -->
      <class name="com.selenium.app.AppTest2">
        <test-method is-config="true" signature="beforeClass()[pri:0, instance:com.selenium.app.AppTest2@1613674b]" started-at="2021-11-01T13:03:44 IST" name="beforeClass" finished-at="2021-11-01T13:03:50 IST" duration-ms="5993" status="PASS">
          <reporter-output>
          </reporter-output>
        </test-method> <!-- beforeClass -->
        <test-method signature="ClickOnCheckboxes()[pri:0, instance:com.selenium.app.AppTest2@1613674b]" started-at="2021-11-01T13:03:50 IST" name="ClickOnCheckboxes" finished-at="2021-11-01T13:03:50 IST" duration-ms="743" status="PASS">
          <reporter-output>
          </reporter-output>
        </test-method> <!-- ClickOnCheckboxes -->
        <test-method signature="ClickOnCheckboxes()[pri:0, instance:com.selenium.app.AppTest2@1613674b]" started-at="2021-11-01T13:03:50 IST" name="ClickOnCheckboxes" finished-at="2021-11-01T13:03:50 IST" duration-ms="230" status="PASS">
          <reporter-output>
          </reporter-output>
        </test-method> <!-- ClickOnCheckboxes -->
        <test-method signature="ClickOnCheckboxes()[pri:0, instance:com.selenium.app.AppTest2@1613674b]" started-at="2021-11-01T13:03:50 IST" name="ClickOnCheckboxes" finished-at="2021-11-01T13:03:51 IST" duration-ms="122" status="PASS">
          <reporter-output>
          </reporter-output>
        </test-method> <!-- ClickOnCheckboxes -->
        <test-method signature="ClickOnCheckboxes()[pri:0, instance:com.selenium.app.AppTest2@1613674b]" started-at="2021-11-01T13:03:51 IST" name="ClickOnCheckboxes" finished-at="2021-11-01T13:03:51 IST" duration-ms="105" status="PASS">
          <reporter-output>
          </reporter-output>
        </test-method> <!-- ClickOnCheckboxes -->
        <test-method signature="ClickOnCheckboxes()[pri:0, instance:com.selenium.app.AppTest2@1613674b]" started-at="2021-11-01T13:03:51 IST" name="ClickOnCheckboxes" finished-at="2021-11-01T13:03:51 IST" duration-ms="176" status="PASS">
          <reporter-output>
          </reporter-output>
        </test-method> <!-- ClickOnCheckboxes -->
        <test-method signature="ClickOnCheckboxes()[pri:0, instance:com.selenium.app.AppTest2@1613674b]" started-at="2021-11-01T13:03:51 IST" name="ClickOnCheckboxes" finished-at="2021-11-01T13:03:51 IST" duration-ms="258" status="PASS">
          <reporter-output>
          </reporter-output>
        </test-method> <!-- ClickOnCheckboxes -->
        <test-method signature="ClickOnCheckboxes()[pri:0, instance:com.selenium.app.AppTest2@1613674b]" started-at="2021-11-01T13:03:51 IST" name="ClickOnCheckboxes" finished-at="2021-11-01T13:03:51 IST" duration-ms="132" status="PASS">
          <reporter-output>
          </reporter-output>
        </test-method> <!-- ClickOnCheckboxes -->
        <test-method signature="ClickOnCheckboxes()[pri:0, instance:com.selenium.app.AppTest2@1613674b]" started-at="2021-11-01T13:03:51 IST" name="ClickOnCheckboxes" finished-at="2021-11-01T13:03:51 IST" duration-ms="112" status="PASS">
          <reporter-output>
          </reporter-output>
        </test-method> <!-- ClickOnCheckboxes -->
        <test-method signature="ClickOnCheckboxes()[pri:0, instance:com.selenium.app.AppTest2@1613674b]" started-at="2021-11-01T13:03:51 IST" name="ClickOnCheckboxes" finished-at="2021-11-01T13:03:52 IST" duration-ms="94" status="PASS">
          <reporter-output>
          </reporter-output>
        </test-method> <!-- ClickOnCheckboxes -->
        <test-method signature="ClickOnCheckboxes()[pri:0, instance:com.selenium.app.AppTest2@1613674b]" started-at="2021-11-01T13:03:52 IST" name="ClickOnCheckboxes" finished-at="2021-11-01T13:03:52 IST" duration-ms="99" status="PASS">
          <reporter-output>
          </reporter-output>
        </test-method> <!-- ClickOnCheckboxes -->
        <test-method signature="ClickOnRadioButtons()[pri:0, instance:com.selenium.app.AppTest2@1613674b]" started-at="2021-11-01T13:03:52 IST" name="ClickOnRadioButtons" finished-at="2021-11-01T13:03:52 IST" duration-ms="132" status="PASS">
          <reporter-output>
          </reporter-output>
        </test-method> <!-- ClickOnRadioButtons -->
        <test-method is-config="true" signature="afterClass()[pri:0, instance:com.selenium.app.AppTest2@1613674b]" started-at="2021-11-01T13:03:52 IST" name="afterClass" finished-at="2021-11-01T13:03:53 IST" duration-ms="1546" status="PASS">
          <reporter-output>
          </reporter-output>
        </test-method> <!-- afterClass -->
      </class> <!-- com.selenium.app.AppTest2 -->
      <class name="com.selenium.app.startStopDocker">
        <test-method is-config="true" signature="startDocker()[pri:0, instance:com.selenium.app.startStopDocker@5ace1ed4]" started-at="2021-11-01T13:03:27 IST" name="startDocker" finished-at="2021-11-01T13:03:44 IST" duration-ms="16326" status="PASS">
          <reporter-output>
          </reporter-output>
        </test-method> <!-- startDocker -->
        <test-method is-config="true" signature="stopDocker()[pri:0, instance:com.selenium.app.startStopDocker@5ace1ed4]" started-at="2021-11-01T13:04:03 IST" name="stopDocker" finished-at="2021-11-01T13:04:21 IST" duration-ms="17869" status="PASS">
          <reporter-output>
          </reporter-output>
        </test-method> <!-- stopDocker -->
      </class> <!-- com.selenium.app.startStopDocker -->
    </test> <!-- Test -->
  </suite> <!-- Suite -->
</testng-results>
